<?xml version="1.0" encoding="UTF-8"?>
<testng-results ignored="0" total="1" passed="1" failed="0" skipped="0">
  <reporter-output>
  </reporter-output>
  <suite started-at="2023-06-20T01:04:57 IST" name="Default suite" finished-at="2023-06-20T01:05:39 IST" duration-ms="41942">
    <groups>
    </groups>
    <test started-at="2023-06-20T01:04:57 IST" name="Default test" finished-at="2023-06-20T01:05:39 IST" duration-ms="41942">
      <class name="com.TestComponent.Tc_006_Payment">
        <test-method is-config="true" signature="beforesuite()[pri:0, instance:com.TestComponent.Tc_006_Payment@6f96c77]" started-at="2023-06-20T01:04:56 IST" name="beforesuite" finished-at="2023-06-20T01:04:57 IST" duration-ms="204" status="PASS">
          <reporter-output>
          </reporter-output>
        </test-method> <!-- beforesuite -->
        <test-method is-config="true" signature="beforemethod()[pri:0, instance:com.TestComponent.Tc_006_Payment@6f96c77]" started-at="2023-06-20T01:04:57 IST" name="beforemethod" finished-at="2023-06-20T01:05:05 IST" duration-ms="8617" status="PASS">
          <reporter-output>
          </reporter-output>
        </test-method> <!-- beforemethod -->
        <test-method signature="payment_validation()[pri:0, instance:com.TestComponent.Tc_006_Payment@6f96c77]" started-at="2023-06-20T01:05:05 IST" name="payment_validation" finished-at="2023-06-20T01:05:38 IST" duration-ms="32890" status="PASS">
          <reporter-output>
          </reporter-output>
        </test-method> <!-- payment_validation -->
        <test-method is-config="true" signature="aftermethod()[pri:0, instance:com.TestComponent.Tc_006_Payment@6f96c77]" started-at="2023-06-20T01:05:38 IST" name="aftermethod" finished-at="2023-06-20T01:05:39 IST" duration-ms="399" status="PASS">
          <reporter-output>
          </reporter-output>
        </test-method> <!-- aftermethod -->
        <test-method is-config="true" signature="aftersuite()[pri:0, instance:com.TestComponent.Tc_006_Payment@6f96c77]" started-at="2023-06-20T01:05:39 IST" name="aftersuite" finished-at="2023-06-20T01:05:39 IST" duration-ms="79" status="PASS">
          <reporter-output>
          </reporter-output>
        </test-method> <!-- aftersuite -->
      </class> <!-- com.TestComponent.Tc_006_Payment -->
    </test> <!-- Default test -->
  </suite> <!-- Default suite -->
</testng-results>
