<?xml version="1.0" encoding="UTF-8"?>
<testng-results ignored="0" total="1" passed="1" failed="0" skipped="0">
  <reporter-output>
  </reporter-output>
  <suite started-at="2023-06-19T18:07:25 IST" name="Default suite" finished-at="2023-06-19T18:08:07 IST" duration-ms="41732">
    <groups>
    </groups>
    <test started-at="2023-06-19T18:07:25 IST" name="Default test" finished-at="2023-06-19T18:08:07 IST" duration-ms="41732">
      <class name="com.TestComponent.Tc_006_Payment">
        <test-method is-config="true" signature="beforesuite()[pri:0, instance:com.TestComponent.Tc_006_Payment@5ae50ce6]" started-at="2023-06-19T18:07:25 IST" name="beforesuite" finished-at="2023-06-19T18:07:25 IST" duration-ms="209" status="PASS">
          <reporter-output>
          </reporter-output>
        </test-method> <!-- beforesuite -->
        <test-method is-config="true" signature="beforemethod()[pri:0, instance:com.TestComponent.Tc_006_Payment@5ae50ce6]" started-at="2023-06-19T18:07:25 IST" name="beforemethod" finished-at="2023-06-19T18:07:33 IST" duration-ms="8238" status="PASS">
          <reporter-output>
          </reporter-output>
        </test-method> <!-- beforemethod -->
        <test-method signature="payment_validation()[pri:0, instance:com.TestComponent.Tc_006_Payment@5ae50ce6]" started-at="2023-06-19T18:07:33 IST" name="payment_validation" finished-at="2023-06-19T18:08:07 IST" duration-ms="33149" status="PASS">
          <reporter-output>
          </reporter-output>
        </test-method> <!-- payment_validation -->
        <test-method is-config="true" signature="aftermethod()[pri:0, instance:com.TestComponent.Tc_006_Payment@5ae50ce6]" started-at="2023-06-19T18:08:07 IST" name="aftermethod" finished-at="2023-06-19T18:08:07 IST" duration-ms="314" status="PASS">
          <reporter-output>
          </reporter-output>
        </test-method> <!-- aftermethod -->
        <test-method is-config="true" signature="aftersuite()[pri:0, instance:com.TestComponent.Tc_006_Payment@5ae50ce6]" started-at="2023-06-19T18:08:07 IST" name="aftersuite" finished-at="2023-06-19T18:08:07 IST" duration-ms="84" status="PASS">
          <reporter-output>
          </reporter-output>
        </test-method> <!-- aftersuite -->
      </class> <!-- com.TestComponent.Tc_006_Payment -->
    </test> <!-- Default test -->
  </suite> <!-- Default suite -->
</testng-results>
